<?xml version="1.0" encoding="UTF-8" standalone="yes"?>
<ns2:test-suite start="1475157461013" stop="1475157529532" version="1.4.16" xmlns:ns2="urn:model.allure.qatools.yandex.ru">
    <name>Default Suite : TUT.BY</name>
    <title>Default Suite : TUT.BY</title>
    <test-cases>
        <test-case start="1475157473137" stop="1475157516385" status="broken">
            <name>sendLetterToSecondEmail[artemrudzko@tut.by,rudzkoartem@tut.by,bcgfytw92,527d7dbd4693_ThuSep29165753MSK2016]</name>
            <failure>
                <message>NoSuchProviderException: Invalid protocol: null</message>
                <stack-trace>javax.mail.NoSuchProviderException: Invalid protocol: null
	at javax.mail.Session.getProvider(Session.java:459)
	at javax.mail.Session.getStore(Session.java:557)
	at javax.mail.Session.getStore(Session.java:537)
	at javax.mail.Session.getStore(Session.java:523)
	at helperClass.MailAPI.sendSimpleMessage(MailAPI.java:44)
	at helperClass.MailAPI.sendMessage(MailAPI.java:18)
	at TutByTest.sendLetterToSecondEmail(TutByTest.java:36)
	at sun.reflect.NativeMethodAccessorImpl.invoke0(Native Method)
	at sun.reflect.NativeMethodAccessorImpl.invoke(NativeMethodAccessorImpl.java:62)
	at sun.reflect.DelegatingMethodAccessorImpl.invoke(DelegatingMethodAccessorImpl.java:43)
	at java.lang.reflect.Method.invoke(Method.java:498)
	at org.testng.internal.MethodInvocationHelper.invokeMethod(MethodInvocationHelper.java:86)
	at org.testng.internal.Invoker.invokeMethod(Invoker.java:643)
	at org.testng.internal.Invoker.invokeTestMethod(Invoker.java:820)
	at org.testng.internal.Invoker.invokeTestMethods(Invoker.java:1128)
	at org.testng.internal.TestMethodWorker.invokeTestMethods(TestMethodWorker.java:129)
	at org.testng.internal.TestMethodWorker.run(TestMethodWorker.java:112)
	at org.testng.TestRunner.privateRun(TestRunner.java:782)
	at org.testng.TestRunner.run(TestRunner.java:632)
	at org.testng.SuiteRunner.runTest(SuiteRunner.java:366)
	at org.testng.SuiteRunner.runSequentially(SuiteRunner.java:361)
	at org.testng.SuiteRunner.privateRun(SuiteRunner.java:319)
	at org.testng.SuiteRunner.run(SuiteRunner.java:268)
	at org.testng.SuiteRunnerWorker.runSuite(SuiteRunnerWorker.java:52)
	at org.testng.SuiteRunnerWorker.run(SuiteRunnerWorker.java:86)
	at org.testng.TestNG.runSuitesSequentially(TestNG.java:1244)
	at org.testng.TestNG.runSuitesLocally(TestNG.java:1169)
	at org.testng.TestNG.run(TestNG.java:1064)
	at org.testng.IDEARemoteTestNG.run(IDEARemoteTestNG.java:72)
	at org.testng.RemoteTestNGStarter.main(RemoteTestNGStarter.java:124)
	at sun.reflect.NativeMethodAccessorImpl.invoke0(Native Method)
	at sun.reflect.NativeMethodAccessorImpl.invoke(NativeMethodAccessorImpl.java:62)
	at sun.reflect.DelegatingMethodAccessorImpl.invoke(DelegatingMethodAccessorImpl.java:43)
	at java.lang.reflect.Method.invoke(Method.java:498)
	at com.intellij.rt.execution.application.AppMain.main(AppMain.java:147)
</stack-trace>
            </failure>
            <steps/>
            <attachments>
                <attachment title="(0)" source="6d56bd96-f9e5-451d-83fd-9e58443779a9-attachment" type="image/pmg"/>
            </attachments>
            <labels>
                <label name="host" value="WIN-31VA3KNSDRQ"/>
                <label name="thread" value="5080@WIN-31VA3KNSDRQ.main(1)"/>
            </labels>
        </test-case>
    </test-cases>
    <labels>
        <label name="framework" value="TestNG"/>
        <label name="language" value="JAVA"/>
    </labels>
</ns2:test-suite>
