<?xml version="1.0" encoding="UTF-8" standalone="yes"?>
<ns2:test-suite start="1475162005124" stop="1475162070516" version="1.4.16" xmlns:ns2="urn:model.allure.qatools.yandex.ru">
    <name>Default Suite : TUT.BY</name>
    <title>Default Suite : TUT.BY</title>
    <test-cases>
        <test-case start="1475162070004" stop="1475162070056" status="broken">
            <name>setUp</name>
            <description>@BeforeTest</description>
            <failure>
                <message>WebDriverException: Failed to connect to binary FirefoxBinary(C:\Program Files (x86)\Mozilla Firefox\bin\firefox.exe) on port 7055; process output follows: 
"optionsURL":null,"optionsType":null,"aboutURL":null,"icons":{"32":"icon.png","48":"icon.png"},"iconURL":null,"icon64URL":null,"defaultLocale":{"name":"Default","description":"The default theme.","creator":"Mozilla","homepageURL":null,"contributors":["Mozilla Contributors"]},"visible":true,"active":true,"userDisabled":false,"appDisabled":false,"descriptor":"C:\\Program Files (x86)\\Mozilla Firefox\\bin\\browser\\extensions\\{972ce4c6-7e08-4474-a285-3208198ce6fd}.xpi","installDate":1262293200000,"updateDate":1262293200000,"applyBackgroundUpdates":1,"skinnable":true,"size":22012,"sourceURI":null,"releaseNotesURI":null,"softDisabled":false,"foreignInstall":false,"hasBinaryComponents":false,"strictCompatibility":true,"locales":[],"targetApplications":[{"id":"{ec8030f7-c20a-464f-9b0e-13a3a9e97384}","minVersion":"47.0.1","maxVersion":"47.0.1"}],"targetPlatforms":[],"seen":true}
1475162036349	addons.xpi	DEBUG	getModTime: Recursive scan of {972ce4c6-7e08-4474-a285-3208198ce6fd}
1475162036351	DeferredSave.extensions.json	DEBUG	Save changes
1475162036352	addons.xpi	DEBUG	Updating database with changes to installed add-ons
1475162036352	addons.xpi-utils	DEBUG	Updating add-on states
1475162036353	addons.xpi-utils	DEBUG	Writing add-ons list
1475162036361	addons.xpi	DEBUG	Registering manifest for C:\Program Files (x86)\Mozilla Firefox\bin\browser\features\e10srollout@mozilla.org.xpi
1475162036362	addons.xpi	DEBUG	Calling bootstrap method startup on e10srollout@mozilla.org version 1.0
1475162036362	addons.xpi	DEBUG	Registering manifest for C:\Program Files (x86)\Mozilla Firefox\bin\browser\features\firefox@getpocket.com.xpi
1475162036364	addons.xpi	DEBUG	Calling bootstrap method startup on firefox@getpocket.com version 1.0.2
1475162036365	addons.xpi	DEBUG	Registering manifest for C:\Program Files (x86)\Mozilla Firefox\bin\browser\features\loop@mozilla.org.xpi
1475162036366	addons.xpi	DEBUG	Calling bootstrap method startup on loop@mozilla.org version 1.3.2
1475162036403	addons.manager	DEBUG	Registering shutdown blocker for XPIProvider
1475162036404	addons.manager	DEBUG	Provider finished startup: XPIProvider
1475162036404	addons.manager	DEBUG	Starting provider: LightweightThemeManager
1475162036404	addons.manager	DEBUG	Registering shutdown blocker for LightweightThemeManager
1475162036405	addons.manager	DEBUG	Provider finished startup: LightweightThemeManager
1475162036406	addons.manager	DEBUG	Starting provider: GMPProvider
1475162036424	addons.manager	DEBUG	Registering shutdown blocker for GMPProvider
1475162036424	addons.manager	DEBUG	Provider finished startup: GMPProvider
1475162036425	addons.manager	DEBUG	Starting provider: PluginProvider
1475162036425	addons.manager	DEBUG	Registering shutdown blocker for PluginProvider
1475162036426	addons.manager	DEBUG	Provider finished startup: PluginProvider
1475162036426	addons.manager	DEBUG	Completed startup sequence
1475162040136	addons.manager	DEBUG	Starting provider: &lt;unnamed-provider&gt;
1475162040136	addons.manager	DEBUG	Registering shutdown blocker for &lt;unnamed-provider&gt;
1475162040137	addons.manager	DEBUG	Provider finished startup: &lt;unnamed-provider&gt;
1475162041713	DeferredSave.extensions.json	DEBUG	Write succeeded
1475162041713	addons.xpi-utils	DEBUG	XPI Database saved, setting schema version preference to 17
1475162041714	DeferredSave.extensions.json	DEBUG	Starting timer
1475162041738	DeferredSave.extensions.json	DEBUG	Starting write
1475162041744	addons.repository	DEBUG	No addons.json found.
1475162041745	DeferredSave.addons.json	DEBUG	Save changes
1475162041782	DeferredSave.addons.json	DEBUG	Starting timer
1475162043074	addons.manager	DEBUG	Starting provider: PreviousExperimentProvider
1475162043075	addons.manager	DEBUG	Registering shutdown blocker for PreviousExperimentProvider
1475162043075	addons.manager	DEBUG	Provider finished startup: PreviousExperimentProvider
1475162043080	DeferredSave.addons.json	DEBUG	Starting write
1475162061643	DeferredSave.extensions.json	DEBUG	Write succeeded
1475162061833	DeferredSave.addons.json	DEBUG	Write succeeded

Build info: version: '2.53.1', revision: 'a36b8b1cd5757287168e54b817830adce9b0158d', time: '2016-06-30 19:26:09'
System info: host: 'WIN-31VA3KNSDRQ', ip: '192.168.1.2', os.name: 'Windows 10', os.arch: 'amd64', os.version: '10.0', java.version: '1.8.0_102'
Driver info: driver.version: FirefoxDriver</message>
                <stack-trace>org.openqa.selenium.WebDriverException: Failed to connect to binary FirefoxBinary(C:\Program Files (x86)\Mozilla Firefox\bin\firefox.exe) on port 7055; process output follows: 
"optionsURL":null,"optionsType":null,"aboutURL":null,"icons":{"32":"icon.png","48":"icon.png"},"iconURL":null,"icon64URL":null,"defaultLocale":{"name":"Default","description":"The default theme.","creator":"Mozilla","homepageURL":null,"contributors":["Mozilla Contributors"]},"visible":true,"active":true,"userDisabled":false,"appDisabled":false,"descriptor":"C:\\Program Files (x86)\\Mozilla Firefox\\bin\\browser\\extensions\\{972ce4c6-7e08-4474-a285-3208198ce6fd}.xpi","installDate":1262293200000,"updateDate":1262293200000,"applyBackgroundUpdates":1,"skinnable":true,"size":22012,"sourceURI":null,"releaseNotesURI":null,"softDisabled":false,"foreignInstall":false,"hasBinaryComponents":false,"strictCompatibility":true,"locales":[],"targetApplications":[{"id":"{ec8030f7-c20a-464f-9b0e-13a3a9e97384}","minVersion":"47.0.1","maxVersion":"47.0.1"}],"targetPlatforms":[],"seen":true}
1475162036349	addons.xpi	DEBUG	getModTime: Recursive scan of {972ce4c6-7e08-4474-a285-3208198ce6fd}
1475162036351	DeferredSave.extensions.json	DEBUG	Save changes
1475162036352	addons.xpi	DEBUG	Updating database with changes to installed add-ons
1475162036352	addons.xpi-utils	DEBUG	Updating add-on states
1475162036353	addons.xpi-utils	DEBUG	Writing add-ons list
1475162036361	addons.xpi	DEBUG	Registering manifest for C:\Program Files (x86)\Mozilla Firefox\bin\browser\features\e10srollout@mozilla.org.xpi
1475162036362	addons.xpi	DEBUG	Calling bootstrap method startup on e10srollout@mozilla.org version 1.0
1475162036362	addons.xpi	DEBUG	Registering manifest for C:\Program Files (x86)\Mozilla Firefox\bin\browser\features\firefox@getpocket.com.xpi
1475162036364	addons.xpi	DEBUG	Calling bootstrap method startup on firefox@getpocket.com version 1.0.2
1475162036365	addons.xpi	DEBUG	Registering manifest for C:\Program Files (x86)\Mozilla Firefox\bin\browser\features\loop@mozilla.org.xpi
1475162036366	addons.xpi	DEBUG	Calling bootstrap method startup on loop@mozilla.org version 1.3.2
1475162036403	addons.manager	DEBUG	Registering shutdown blocker for XPIProvider
1475162036404	addons.manager	DEBUG	Provider finished startup: XPIProvider
1475162036404	addons.manager	DEBUG	Starting provider: LightweightThemeManager
1475162036404	addons.manager	DEBUG	Registering shutdown blocker for LightweightThemeManager
1475162036405	addons.manager	DEBUG	Provider finished startup: LightweightThemeManager
1475162036406	addons.manager	DEBUG	Starting provider: GMPProvider
1475162036424	addons.manager	DEBUG	Registering shutdown blocker for GMPProvider
1475162036424	addons.manager	DEBUG	Provider finished startup: GMPProvider
1475162036425	addons.manager	DEBUG	Starting provider: PluginProvider
1475162036425	addons.manager	DEBUG	Registering shutdown blocker for PluginProvider
1475162036426	addons.manager	DEBUG	Provider finished startup: PluginProvider
1475162036426	addons.manager	DEBUG	Completed startup sequence
1475162040136	addons.manager	DEBUG	Starting provider: &lt;unnamed-provider&gt;
1475162040136	addons.manager	DEBUG	Registering shutdown blocker for &lt;unnamed-provider&gt;
1475162040137	addons.manager	DEBUG	Provider finished startup: &lt;unnamed-provider&gt;
1475162041713	DeferredSave.extensions.json	DEBUG	Write succeeded
1475162041713	addons.xpi-utils	DEBUG	XPI Database saved, setting schema version preference to 17
1475162041714	DeferredSave.extensions.json	DEBUG	Starting timer
1475162041738	DeferredSave.extensions.json	DEBUG	Starting write
1475162041744	addons.repository	DEBUG	No addons.json found.
1475162041745	DeferredSave.addons.json	DEBUG	Save changes
1475162041782	DeferredSave.addons.json	DEBUG	Starting timer
1475162043074	addons.manager	DEBUG	Starting provider: PreviousExperimentProvider
1475162043075	addons.manager	DEBUG	Registering shutdown blocker for PreviousExperimentProvider
1475162043075	addons.manager	DEBUG	Provider finished startup: PreviousExperimentProvider
1475162043080	DeferredSave.addons.json	DEBUG	Starting write
1475162061643	DeferredSave.extensions.json	DEBUG	Write succeeded
1475162061833	DeferredSave.addons.json	DEBUG	Write succeeded

Build info: version: '2.53.1', revision: 'a36b8b1cd5757287168e54b817830adce9b0158d', time: '2016-06-30 19:26:09'
System info: host: 'WIN-31VA3KNSDRQ', ip: '192.168.1.2', os.name: 'Windows 10', os.arch: 'amd64', os.version: '10.0', java.version: '1.8.0_102'
Driver info: driver.version: FirefoxDriver
	at org.openqa.selenium.firefox.internal.NewProfileExtensionConnection.start(NewProfileExtensionConnection.java:125)
	at org.openqa.selenium.firefox.FirefoxDriver.startClient(FirefoxDriver.java:271)
	at org.openqa.selenium.remote.RemoteWebDriver.&lt;init&gt;(RemoteWebDriver.java:119)
	at org.openqa.selenium.firefox.FirefoxDriver.&lt;init&gt;(FirefoxDriver.java:216)
	at org.openqa.selenium.firefox.FirefoxDriver.&lt;init&gt;(FirefoxDriver.java:211)
	at org.openqa.selenium.firefox.FirefoxDriver.&lt;init&gt;(FirefoxDriver.java:207)
	at core.TestBase.setUp(TestBase.java:22)
	at sun.reflect.NativeMethodAccessorImpl.invoke0(Native Method)
	at sun.reflect.NativeMethodAccessorImpl.invoke(NativeMethodAccessorImpl.java:62)
	at sun.reflect.DelegatingMethodAccessorImpl.invoke(DelegatingMethodAccessorImpl.java:43)
	at java.lang.reflect.Method.invoke(Method.java:498)
	at org.testng.internal.MethodInvocationHelper.invokeMethod(MethodInvocationHelper.java:86)
	at org.testng.internal.Invoker.invokeConfigurationMethod(Invoker.java:514)
	at org.testng.internal.Invoker.invokeConfigurations(Invoker.java:215)
	at org.testng.internal.Invoker.invokeConfigurations(Invoker.java:142)
	at org.testng.TestRunner.beforeRun(TestRunner.java:656)
	at org.testng.TestRunner.run(TestRunner.java:624)
	at org.testng.SuiteRunner.runTest(SuiteRunner.java:366)
	at org.testng.SuiteRunner.runSequentially(SuiteRunner.java:361)
	at org.testng.SuiteRunner.privateRun(SuiteRunner.java:319)
	at org.testng.SuiteRunner.run(SuiteRunner.java:268)
	at org.testng.SuiteRunnerWorker.runSuite(SuiteRunnerWorker.java:52)
	at org.testng.SuiteRunnerWorker.run(SuiteRunnerWorker.java:86)
	at org.testng.TestNG.runSuitesSequentially(TestNG.java:1244)
	at org.testng.TestNG.runSuitesLocally(TestNG.java:1169)
	at org.testng.TestNG.run(TestNG.java:1064)
	at org.testng.IDEARemoteTestNG.run(IDEARemoteTestNG.java:72)
	at org.testng.RemoteTestNGStarter.main(RemoteTestNGStarter.java:124)
	at sun.reflect.NativeMethodAccessorImpl.invoke0(Native Method)
	at sun.reflect.NativeMethodAccessorImpl.invoke(NativeMethodAccessorImpl.java:62)
	at sun.reflect.DelegatingMethodAccessorImpl.invoke(DelegatingMethodAccessorImpl.java:43)
	at java.lang.reflect.Method.invoke(Method.java:498)
	at com.intellij.rt.execution.application.AppMain.main(AppMain.java:147)
Caused by: org.openqa.selenium.firefox.NotConnectedException: Unable to connect to host 127.0.0.1 on port 7055 after 45000 ms. Firefox console output:
"optionsURL":null,"optionsType":null,"aboutURL":null,"icons":{"32":"icon.png","48":"icon.png"},"iconURL":null,"icon64URL":null,"defaultLocale":{"name":"Default","description":"The default theme.","creator":"Mozilla","homepageURL":null,"contributors":["Mozilla Contributors"]},"visible":true,"active":true,"userDisabled":false,"appDisabled":false,"descriptor":"C:\\Program Files (x86)\\Mozilla Firefox\\bin\\browser\\extensions\\{972ce4c6-7e08-4474-a285-3208198ce6fd}.xpi","installDate":1262293200000,"updateDate":1262293200000,"applyBackgroundUpdates":1,"skinnable":true,"size":22012,"sourceURI":null,"releaseNotesURI":null,"softDisabled":false,"foreignInstall":false,"hasBinaryComponents":false,"strictCompatibility":true,"locales":[],"targetApplications":[{"id":"{ec8030f7-c20a-464f-9b0e-13a3a9e97384}","minVersion":"47.0.1","maxVersion":"47.0.1"}],"targetPlatforms":[],"seen":true}
1475162036349	addons.xpi	DEBUG	getModTime: Recursive scan of {972ce4c6-7e08-4474-a285-3208198ce6fd}
1475162036351	DeferredSave.extensions.json	DEBUG	Save changes
1475162036352	addons.xpi	DEBUG	Updating database with changes to installed add-ons
1475162036352	addons.xpi-utils	DEBUG	Updating add-on states
1475162036353	addons.xpi-utils	DEBUG	Writing add-ons list
1475162036361	addons.xpi	DEBUG	Registering manifest for C:\Program Files (x86)\Mozilla Firefox\bin\browser\features\e10srollout@mozilla.org.xpi
1475162036362	addons.xpi	DEBUG	Calling bootstrap method startup on e10srollout@mozilla.org version 1.0
1475162036362	addons.xpi	DEBUG	Registering manifest for C:\Program Files (x86)\Mozilla Firefox\bin\browser\features\firefox@getpocket.com.xpi
1475162036364	addons.xpi	DEBUG	Calling bootstrap method startup on firefox@getpocket.com version 1.0.2
1475162036365	addons.xpi	DEBUG	Registering manifest for C:\Program Files (x86)\Mozilla Firefox\bin\browser\features\loop@mozilla.org.xpi
1475162036366	addons.xpi	DEBUG	Calling bootstrap method startup on loop@mozilla.org version 1.3.2
1475162036403	addons.manager	DEBUG	Registering shutdown blocker for XPIProvider
1475162036404	addons.manager	DEBUG	Provider finished startup: XPIProvider
1475162036404	addons.manager	DEBUG	Starting provider: LightweightThemeManager
1475162036404	addons.manager	DEBUG	Registering shutdown blocker for LightweightThemeManager
1475162036405	addons.manager	DEBUG	Provider finished startup: LightweightThemeManager
1475162036406	addons.manager	DEBUG	Starting provider: GMPProvider
1475162036424	addons.manager	DEBUG	Registering shutdown blocker for GMPProvider
1475162036424	addons.manager	DEBUG	Provider finished startup: GMPProvider
1475162036425	addons.manager	DEBUG	Starting provider: PluginProvider
1475162036425	addons.manager	DEBUG	Registering shutdown blocker for PluginProvider
1475162036426	addons.manager	DEBUG	Provider finished startup: PluginProvider
1475162036426	addons.manager	DEBUG	Completed startup sequence
1475162040136	addons.manager	DEBUG	Starting provider: &lt;unnamed-provider&gt;
1475162040136	addons.manager	DEBUG	Registering shutdown blocker for &lt;unnamed-provider&gt;
1475162040137	addons.manager	DEBUG	Provider finished startup: &lt;unnamed-provider&gt;
1475162041713	DeferredSave.extensions.json	DEBUG	Write succeeded
1475162041713	addons.xpi-utils	DEBUG	XPI Database saved, setting schema version preference to 17
1475162041714	DeferredSave.extensions.json	DEBUG	Starting timer
1475162041738	DeferredSave.extensions.json	DEBUG	Starting write
1475162041744	addons.repository	DEBUG	No addons.json found.
1475162041745	DeferredSave.addons.json	DEBUG	Save changes
1475162041782	DeferredSave.addons.json	DEBUG	Starting timer
1475162043074	addons.manager	DEBUG	Starting provider: PreviousExperimentProvider
1475162043075	addons.manager	DEBUG	Registering shutdown blocker for PreviousExperimentProvider
1475162043075	addons.manager	DEBUG	Provider finished startup: PreviousExperimentProvider
1475162043080	DeferredSave.addons.json	DEBUG	Starting write
1475162061643	DeferredSave.extensions.json	DEBUG	Write succeeded
1475162061833	DeferredSave.addons.json	DEBUG	Write succeeded

	at org.openqa.selenium.firefox.internal.NewProfileExtensionConnection.start(NewProfileExtensionConnection.java:113)
	... 32 more
</stack-trace>
            </failure>
            <steps/>
            <attachments/>
            <labels>
                <label name="host" value="WIN-31VA3KNSDRQ"/>
                <label name="thread" value="384@WIN-31VA3KNSDRQ.main(1)"/>
            </labels>
        </test-case>
        <test-case start="1475162070449" stop="1475162070508" status="canceled">
            <name>sendLetterToSecondEmail[artemrudzko@tut.by,rudzkoartem@tut.by,bcgfytw92,5cd735e37987_ThuSep29181430MSK2016]</name>
            <failure>
                <message>: Skipped due to dependency on other skipped or failed test methods</message>
                <stack-trace>ru.yandex.qatools.allure.testng.AllureTestListener$1: Skipped due to dependency on other skipped or failed test methods
	at ru.yandex.qatools.allure.testng.AllureTestListener.fireTestCaseCancel(AllureTestListener.java:366)
	at ru.yandex.qatools.allure.testng.AllureTestListener.onTestSkipped(AllureTestListener.java:181)
	at org.testng.internal.Invoker.runTestListeners(Invoker.java:1683)
	at org.testng.internal.Invoker.runTestListeners(Invoker.java:1675)
	at org.testng.internal.Invoker.invokeMethod(Invoker.java:700)
	at org.testng.internal.Invoker.invokeTestMethod(Invoker.java:820)
	at org.testng.internal.Invoker.invokeTestMethods(Invoker.java:1128)
	at org.testng.internal.TestMethodWorker.invokeTestMethods(TestMethodWorker.java:129)
	at org.testng.internal.TestMethodWorker.run(TestMethodWorker.java:112)
	at org.testng.TestRunner.privateRun(TestRunner.java:782)
	at org.testng.TestRunner.run(TestRunner.java:632)
	at org.testng.SuiteRunner.runTest(SuiteRunner.java:366)
	at org.testng.SuiteRunner.runSequentially(SuiteRunner.java:361)
	at org.testng.SuiteRunner.privateRun(SuiteRunner.java:319)
	at org.testng.SuiteRunner.run(SuiteRunner.java:268)
	at org.testng.SuiteRunnerWorker.runSuite(SuiteRunnerWorker.java:52)
	at org.testng.SuiteRunnerWorker.run(SuiteRunnerWorker.java:86)
	at org.testng.TestNG.runSuitesSequentially(TestNG.java:1244)
	at org.testng.TestNG.runSuitesLocally(TestNG.java:1169)
	at org.testng.TestNG.run(TestNG.java:1064)
	at org.testng.IDEARemoteTestNG.run(IDEARemoteTestNG.java:72)
	at org.testng.RemoteTestNGStarter.main(RemoteTestNGStarter.java:124)
	at sun.reflect.NativeMethodAccessorImpl.invoke0(Native Method)
	at sun.reflect.NativeMethodAccessorImpl.invoke(NativeMethodAccessorImpl.java:62)
	at sun.reflect.DelegatingMethodAccessorImpl.invoke(DelegatingMethodAccessorImpl.java:43)
	at java.lang.reflect.Method.invoke(Method.java:498)
	at com.intellij.rt.execution.application.AppMain.main(AppMain.java:147)
</stack-trace>
            </failure>
            <steps/>
            <attachments/>
            <labels>
                <label name="host" value="WIN-31VA3KNSDRQ"/>
                <label name="thread" value="384@WIN-31VA3KNSDRQ.main(1)"/>
            </labels>
        </test-case>
        <test-case start="1475162070512" stop="1475162070513" status="canceled">
            <name>tearDown</name>
            <description>@AfterTest</description>
            <failure>
                <message>: Skipped due to dependency on other skipped or failed test methods</message>
                <stack-trace>ru.yandex.qatools.allure.testng.AllureTestListener$1: Skipped due to dependency on other skipped or failed test methods
	at ru.yandex.qatools.allure.testng.AllureTestListener.fireTestCaseCancel(AllureTestListener.java:366)
	at ru.yandex.qatools.allure.testng.AllureTestListener.onConfigurationSkip(AllureTestListener.java:126)
	at org.testng.internal.Invoker.runConfigurationListeners(Invoker.java:1661)
	at org.testng.internal.Invoker.handleConfigurationSkip(Invoker.java:257)
	at org.testng.internal.Invoker.invokeConfigurations(Invoker.java:195)
	at org.testng.internal.Invoker.invokeConfigurations(Invoker.java:142)
	at org.testng.TestRunner.afterRun(TestRunner.java:1012)
	at org.testng.TestRunner.run(TestRunner.java:636)
	at org.testng.SuiteRunner.runTest(SuiteRunner.java:366)
	at org.testng.SuiteRunner.runSequentially(SuiteRunner.java:361)
	at org.testng.SuiteRunner.privateRun(SuiteRunner.java:319)
	at org.testng.SuiteRunner.run(SuiteRunner.java:268)
	at org.testng.SuiteRunnerWorker.runSuite(SuiteRunnerWorker.java:52)
	at org.testng.SuiteRunnerWorker.run(SuiteRunnerWorker.java:86)
	at org.testng.TestNG.runSuitesSequentially(TestNG.java:1244)
	at org.testng.TestNG.runSuitesLocally(TestNG.java:1169)
	at org.testng.TestNG.run(TestNG.java:1064)
	at org.testng.IDEARemoteTestNG.run(IDEARemoteTestNG.java:72)
	at org.testng.RemoteTestNGStarter.main(RemoteTestNGStarter.java:124)
	at sun.reflect.NativeMethodAccessorImpl.invoke0(Native Method)
	at sun.reflect.NativeMethodAccessorImpl.invoke(NativeMethodAccessorImpl.java:62)
	at sun.reflect.DelegatingMethodAccessorImpl.invoke(DelegatingMethodAccessorImpl.java:43)
	at java.lang.reflect.Method.invoke(Method.java:498)
	at com.intellij.rt.execution.application.AppMain.main(AppMain.java:147)
</stack-trace>
            </failure>
            <steps/>
            <attachments/>
            <labels>
                <label name="host" value="WIN-31VA3KNSDRQ"/>
                <label name="thread" value="384@WIN-31VA3KNSDRQ.main(1)"/>
            </labels>
        </test-case>
    </test-cases>
    <labels>
        <label name="framework" value="TestNG"/>
        <label name="language" value="JAVA"/>
    </labels>
</ns2:test-suite>
